Arguments: 
  /opt/homebrew/Cellar/node/16.11.1/bin/node /opt/homebrew/bin/yarn init

PATH: 
  /Users/kbmin/.gem/bin:/opt/homebrew/sbin:/opt/homebrew/bin:/opt/homebrew/bin:/usr/local/bin:/usr/bin:/bin:/usr/sbin:/sbin:/Users/kbmin/development/flutter/bin:/Users/kbmin/.opam/default/bin/

Yarn version: 
  1.22.10

Node version: 
  16.11.1

Platform: 
  darwin arm64

Trace: 
  Error: canceled
      at Interface.<anonymous> (/opt/homebrew/lib/node_modules/yarn/lib/cli.js:136216:13)
      at Interface.emit (node:events:390:28)
      at Interface._ttyWrite (node:readline:1081:16)
      at ReadStream.onkeypress (node:readline:288:10)
      at ReadStream.emit (node:events:390:28)
      at emitKeys (node:internal/readline/utils:358:14)
      at emitKeys.next (<anonymous>)
      at ReadStream.onData (node:internal/readline/emitKeypressEvents:61:36)
      at ReadStream.emit (node:events:390:28)
      at addChunk (node:internal/streams/readable:315:12)

npm manifest: 
  No manifest

yarn manifest: 
  No manifest

Lockfile: 
  No lockfile
